#
# There is insufficient memory for the Java Runtime Environment to continue.
# Native memory allocation (malloc) failed to allocate 404928 bytes for Chunk::new
# Possible reasons:
#   The system is out of physical RAM or swap space
#   In 32 bit mode, the process size limit was hit
# Possible solutions:
#   Reduce memory load on the system
#   Increase physical memory or swap space
#   Check if swap backing store is full
#   Use 64 bit Java on a 64 bit OS
#   Decrease Java heap size (-Xmx/-Xms)
#   Decrease number of Java threads
#   Decrease Java thread stack sizes (-Xss)
#   Set larger code cache with -XX:ReservedCodeCacheSize=
# This output file may be truncated or incomplete.
#
#  Out of Memory Error (allocation.cpp:390), pid=43904, tid=40928
#
# JRE version: Java(TM) SE Runtime Environment (8.0_31-b13) (build 1.8.0_31-b13)
# Java VM: Java HotSpot(TM) 64-Bit Server VM (25.31-b07 mixed mode windows-amd64 compressed oops)
# Failed to write core dump. Minidumps are not enabled by default on client versions of Windows
#

---------------  T H R E A D  ---------------

Current thread (0x00000000175e3800):  JavaThread "C2 CompilerThread0" daemon [_thread_in_native, id=40928, stack(0x0000000017b50000,0x0000000017c50000)]

Stack: [0x0000000017b50000,0x0000000017c50000]
Native frames: (J=compiled Java code, j=interpreted, Vv=VM code, C=native code)
V  [jvm.dll+0x3169ba]
V  [jvm.dll+0x2674c3]
V  [jvm.dll+0x268103]
V  [jvm.dll+0x25f8f5]
V  [jvm.dll+0xbf025]
V  [jvm.dll+0xbf4cc]
V  [jvm.dll+0xbf774]
V  [jvm.dll+0xdd185]
V  [jvm.dll+0x496664]
V  [jvm.dll+0x4a24a5]
V  [jvm.dll+0x4b0f29]
V  [jvm.dll+0x4b15d6]
V  [jvm.dll+0x4b16ab]
V  [jvm.dll+0x4b16f7]
V  [jvm.dll+0x4b16f7]
V  [jvm.dll+0x49f7e3]
V  [jvm.dll+0x453401]
V  [jvm.dll+0x454124]
V  [jvm.dll+0x437c62]
V  [jvm.dll+0x988e2]
V  [jvm.dll+0x990d3]
V  [jvm.dll+0x22c194]
V  [jvm.dll+0x28576a]
C  [msvcr100.dll+0x21d9f]
C  [msvcr100.dll+0x21e3b]
C  [KERNEL32.DLL+0x13d2]
C  [ntdll.dll+0x154e4]


Current CompileTask:
C2:  44936 2446       4       com.android.dx.dex.file.CodeItem::addContents (174 bytes)


---------------  P R O C E S S  ---------------

Java Threads: ( => current thread )
  0x0000000017670000 JavaThread "Service Thread" daemon [_thread_blocked, id=37552, stack(0x0000000017f50000,0x0000000018050000)]
  0x0000000017639000 JavaThread "C1 CompilerThread3" daemon [_thread_blocked, id=44172, stack(0x0000000017e50000,0x0000000017f50000)]
  0x0000000017635000 JavaThread "C2 CompilerThread2" daemon [_thread_in_native, id=42824, stack(0x0000000017d50000,0x0000000017e50000)]
  0x0000000017611000 JavaThread "C2 CompilerThread1" daemon [_thread_in_native, id=39156, stack(0x0000000017c50000,0x0000000017d50000)]
=>0x00000000175e3800 JavaThread "C2 CompilerThread0" daemon [_thread_in_native, id=40928, stack(0x0000000017b50000,0x0000000017c50000)]
  0x00000000175e2000 JavaThread "Attach Listener" daemon [_thread_blocked, id=42540, stack(0x0000000017a50000,0x0000000017b50000)]
  0x00000000175e1800 JavaThread "Signal Dispatcher" daemon [_thread_blocked, id=32732, stack(0x0000000017950000,0x0000000017a50000)]
  0x000000001558b800 JavaThread "Finalizer" daemon [_thread_blocked, id=44380, stack(0x0000000017450000,0x0000000017550000)]
  0x000000001558a000 JavaThread "Reference Handler" daemon [_thread_blocked, id=43792, stack(0x0000000017350000,0x0000000017450000)]
  0x000000000285e000 JavaThread "main" [_thread_in_Java, id=43684, stack(0x0000000002860000,0x0000000002960000)]

Other Threads:
  0x0000000015586800 VMThread [stack: 0x0000000017250000,0x0000000017350000] [id=42024]
  0x000000001767a800 WatcherThread [stack: 0x0000000018050000,0x0000000018150000] [id=45060]

VM state:not at safepoint (normal execution)

VM Mutex/Monitor currently owned by a thread: None

Heap:
 PSYoungGen      total 212992K, used 102092K [0x00000000eab00000, 0x0000000100000000, 0x0000000100000000)
  eden space 190976K, 44% used [0x00000000eab00000,0x00000000efdd2558,0x00000000f6580000)
  from space 22016K, 78% used [0x00000000f6580000,0x00000000f7660b38,0x00000000f7b00000)
  to   space 38912K, 0% used [0x00000000fda00000,0x00000000fda00000,0x0000000100000000)
 ParOldGen       total 124416K, used 63021K [0x00000000c0000000, 0x00000000c7980000, 0x00000000eab00000)
  object space 124416K, 50% used [0x00000000c0000000,0x00000000c3d8b590,0x00000000c7980000)
 Metaspace       used 6828K, capacity 7608K, committed 7936K, reserved 1056768K
  class space    used 633K, capacity 688K, committed 768K, reserved 1048576K

Card table byte_map: [0x0000000011e20000,0x0000000012030000] byte_map_base: 0x0000000011820000

Marking Bits: (ParMarkBitMap*) 0x0000000063aed4f0
 Begin Bits: [0x0000000012990000, 0x0000000013990000)
 End Bits:   [0x0000000013990000, 0x0000000014990000)

Polling page: 0x0000000000af0000

CodeCache: size=245760Kb used=10898Kb max_used=10898Kb free=234861Kb
 bounds [0x0000000002a60000, 0x0000000003520000, 0x0000000011a60000]
 total_blobs=2680 nmethods=2412 adapters=181
 compilation: enabled

Compilation events (10 events):
Event: 44.505 Thread 0x0000000017639000 2792       3       com.android.dx.rop.cst.CstLiteral64::fitsInInt (20 bytes)
Event: 44.505 Thread 0x0000000017639000 nmethod 2792 0x00000000034ca710 code [0x00000000034ca860, 0x00000000034caa10]
Event: 44.538 Thread 0x0000000017639000 2794       1       com.android.dx.dex.code.form.Form23x::codeSize (2 bytes)
Event: 44.539 Thread 0x0000000017639000 nmethod 2794 0x00000000034caa90 code [0x00000000034cabe0, 0x00000000034cacf0]
Event: 44.568 Thread 0x0000000017639000 2795       1       com.android.dx.dex.code.form.Form22t::codeSize (2 bytes)
Event: 44.568 Thread 0x0000000017639000 nmethod 2795 0x00000000034cad50 code [0x00000000034caea0, 0x00000000034cafb0]
Event: 44.589 Thread 0x0000000017639000 2796       3       com.android.dx.dex.file.CatchStructs::encode (304 bytes)
Event: 44.600 Thread 0x0000000017639000 nmethod 2796 0x00000000034cb010 code [0x00000000034cb520, 0x00000000034cedd8]
Event: 44.600 Thread 0x0000000017639000 2797       3       com.android.dx.dex.code.DalvCode::getCatches (9 bytes)
Event: 44.601 Thread 0x0000000017639000 nmethod 2797 0x00000000034d0c50 code [0x00000000034d0dc0, 0x00000000034d0f68]

GC Heap History (10 events):
Event: 27.631 GC heap before
{Heap before GC invocations=4 (full 0):
 PSYoungGen      total 51712K, used 51701K [0x00000000eab00000, 0x00000000f1000000, 0x0000000100000000)
  eden space 48128K, 100% used [0x00000000eab00000,0x00000000eda00000,0x00000000eda00000)
  from space 3584K, 99% used [0x00000000eda00000,0x00000000edd7d580,0x00000000edd80000)
  to   space 3584K, 0% used [0x00000000f0c80000,0x00000000f0c80000,0x00000000f1000000)
 ParOldGen       total 62976K, used 13688K [0x00000000c0000000, 0x00000000c3d80000, 0x00000000eab00000)
  object space 62976K, 21% used [0x00000000c0000000,0x00000000c0d5e360,0x00000000c3d80000)
 Metaspace       used 6263K, capacity 7152K, committed 7296K, reserved 1056768K
  class space    used 591K, capacity 616K, committed 640K, reserved 1048576K
Event: 28.244 GC heap after
Heap after GC invocations=4 (full 0):
 PSYoungGen      total 99840K, used 3568K [0x00000000eab00000, 0x00000000f1000000, 0x0000000100000000)
  eden space 96256K, 0% used [0x00000000eab00000,0x00000000eab00000,0x00000000f0900000)
  from space 3584K, 99% used [0x00000000f0c80000,0x00000000f0ffc0c0,0x00000000f1000000)
  to   space 3584K, 0% used [0x00000000f0900000,0x00000000f0900000,0x00000000f0c80000)
 ParOldGen       total 62976K, used 20728K [0x00000000c0000000, 0x00000000c3d80000, 0x00000000eab00000)
  object space 62976K, 32% used [0x00000000c0000000,0x00000000c143e3b8,0x00000000c3d80000)
 Metaspace       used 6263K, capacity 7152K, committed 7296K, reserved 1056768K
  class space    used 591K, capacity 616K, committed 640K, reserved 1048576K
}
Event: 32.081 GC heap before
{Heap before GC invocations=5 (full 0):
 PSYoungGen      total 99840K, used 99824K [0x00000000eab00000, 0x00000000f1000000, 0x0000000100000000)
  eden space 96256K, 100% used [0x00000000eab00000,0x00000000f0900000,0x00000000f0900000)
  from space 3584K, 99% used [0x00000000f0c80000,0x00000000f0ffc0c0,0x00000000f1000000)
  to   space 3584K, 0% used [0x00000000f0900000,0x00000000f0900000,0x00000000f0c80000)
 ParOldGen       total 62976K, used 20728K [0x00000000c0000000, 0x00000000c3d80000, 0x00000000eab00000)
  object space 62976K, 32% used [0x00000000c0000000,0x00000000c143e3b8,0x00000000c3d80000)
 Metaspace       used 6303K, capacity 7216K, committed 7296K, reserved 1056768K
  class space    used 591K, capacity 616K, committed 640K, reserved 1048576K
Event: 32.404 GC heap after
Heap after GC invocations=5 (full 0):
 PSYoungGen      total 99840K, used 3569K [0x00000000eab00000, 0x00000000f8f00000, 0x0000000100000000)
  eden space 96256K, 0% used [0x00000000eab00000,0x00000000eab00000,0x00000000f0900000)
  from space 3584K, 99% used [0x00000000f0900000,0x00000000f0c7c798,0x00000000f0c80000)
  to   space 20480K, 0% used [0x00000000f7b00000,0x00000000f7b00000,0x00000000f8f00000)
 ParOldGen       total 62976K, used 37234K [0x00000000c0000000, 0x00000000c3d80000, 0x00000000eab00000)
  object space 62976K, 59% used [0x00000000c0000000,0x00000000c245ca20,0x00000000c3d80000)
 Metaspace       used 6303K, capacity 7216K, committed 7296K, reserved 1056768K
  class space    used 591K, capacity 616K, committed 640K, reserved 1048576K
}
Event: 34.432 GC heap before
{Heap before GC invocations=6 (full 0):
 PSYoungGen      total 99840K, used 99825K [0x00000000eab00000, 0x00000000f8f00000, 0x0000000100000000)
  eden space 96256K, 100% used [0x00000000eab00000,0x00000000f0900000,0x00000000f0900000)
  from space 3584K, 99% used [0x00000000f0900000,0x00000000f0c7c798,0x00000000f0c80000)
  to   space 20480K, 0% used [0x00000000f7b00000,0x00000000f7b00000,0x00000000f8f00000)
 ParOldGen       total 62976K, used 37234K [0x00000000c0000000, 0x00000000c3d80000, 0x00000000eab00000)
  object space 62976K, 59% used [0x00000000c0000000,0x00000000c245ca20,0x00000000c3d80000)
 Metaspace       used 6401K, capacity 7224K, committed 7296K, reserved 1056768K
  class space    used 612K, capacity 624K, committed 640K, reserved 1048576K
Event: 34.692 GC heap after
Heap after GC invocations=6 (full 0):
 PSYoungGen      total 211456K, used 17041K [0x00000000eab00000, 0x00000000f9200000, 0x0000000100000000)
  eden space 190976K, 0% used [0x00000000eab00000,0x00000000eab00000,0x00000000f6580000)
  from space 20480K, 83% used [0x00000000f7b00000,0x00000000f8ba4618,0x00000000f8f00000)
  to   space 22016K, 0% used [0x00000000f6580000,0x00000000f6580000,0x00000000f7b00000)
 ParOldGen       total 62976K, used 37242K [0x00000000c0000000, 0x00000000c3d80000, 0x00000000eab00000)
  object space 62976K, 59% used [0x00000000c0000000,0x00000000c245ea20,0x00000000c3d80000)
 Metaspace       used 6401K, capacity 7224K, committed 7296K, reserved 1056768K
  class space    used 612K, capacity 624K, committed 640K, reserved 1048576K
}
Event: 36.863 GC heap before
{Heap before GC invocations=7 (full 0):
 PSYoungGen      total 211456K, used 208017K [0x00000000eab00000, 0x00000000f9200000, 0x0000000100000000)
  eden space 190976K, 100% used [0x00000000eab00000,0x00000000f6580000,0x00000000f6580000)
  from space 20480K, 83% used [0x00000000f7b00000,0x00000000f8ba4618,0x00000000f8f00000)
  to   space 22016K, 0% used [0x00000000f6580000,0x00000000f6580000,0x00000000f7b00000)
 ParOldGen       total 62976K, used 37242K [0x00000000c0000000, 0x00000000c3d80000, 0x00000000eab00000)
  object space 62976K, 59% used [0x00000000c0000000,0x00000000c245ea20,0x00000000c3d80000)
 Metaspace       used 6426K, capacity 7224K, committed 7296K, reserved 1056768K
  class space    used 612K, capacity 624K, committed 640K, reserved 1048576K
Event: 37.193 GC heap after
Heap after GC invocations=7 (full 0):
 PSYoungGen      total 212992K, used 21991K [0x00000000eab00000, 0x0000000100000000, 0x0000000100000000)
  eden space 190976K, 0% used [0x00000000eab00000,0x00000000eab00000,0x00000000f6580000)
  from space 22016K, 99% used [0x00000000f6580000,0x00000000f7af9ca0,0x00000000f7b00000)
  to   space 38912K, 0% used [0x00000000fda00000,0x00000000fda00000,0x0000000100000000)
 ParOldGen       total 63488K, used 63251K [0x00000000c0000000, 0x00000000c3e00000, 0x00000000eab00000)
  object space 63488K, 99% used [0x00000000c0000000,0x00000000c3dc4e50,0x00000000c3e00000)
 Metaspace       used 6426K, capacity 7224K, committed 7296K, reserved 1056768K
  class space    used 612K, capacity 624K, committed 640K, reserved 1048576K
}
Event: 37.193 GC heap before
{Heap before GC invocations=8 (full 1):
 PSYoungGen      total 212992K, used 21991K [0x00000000eab00000, 0x0000000100000000, 0x0000000100000000)
  eden space 190976K, 0% used [0x00000000eab00000,0x00000000eab00000,0x00000000f6580000)
  from space 22016K, 99% used [0x00000000f6580000,0x00000000f7af9ca0,0x00000000f7b00000)
  to   space 38912K, 0% used [0x00000000fda00000,0x00000000fda00000,0x0000000100000000)
 ParOldGen       total 63488K, used 63251K [0x00000000c0000000, 0x00000000c3e00000, 0x00000000eab00000)
  object space 63488K, 99% used [0x00000000c0000000,0x00000000c3dc4e50,0x00000000c3e00000)
 Metaspace       used 6426K, capacity 7224K, committed 7296K, reserved 1056768K
  class space    used 612K, capacity 624K, committed 640K, reserved 1048576K
Event: 40.543 GC heap after
Heap after GC invocations=8 (full 1):
 PSYoungGen      total 212992K, used 17282K [0x00000000eab00000, 0x0000000100000000, 0x0000000100000000)
  eden space 190976K, 0% used [0x00000000eab00000,0x00000000eab00000,0x00000000f6580000)
  from space 22016K, 78% used [0x00000000f6580000,0x00000000f7660b38,0x00000000f7b00000)
  to   space 38912K, 0% used [0x00000000fda00000,0x00000000fda00000,0x0000000100000000)
 ParOldGen       total 124416K, used 63021K [0x00000000c0000000, 0x00000000c7980000, 0x00000000eab00000)
  object space 124416K, 50% used [0x00000000c0000000,0x00000000c3d8b590,0x00000000c7980000)
 Metaspace       used 6426K, capacity 7224K, committed 7296K, reserved 1056768K
  class space    used 612K, capacity 624K, committed 640K, reserved 1048576K
}

Deoptimization events (10 events):
Event: 42.962 Thread 0x000000000285e000 Uncommon trap: reason=class_check action=maybe_recompile pc=0x0000000002e97bec method=java.util.Arrays.equals([Ljava/lang/Object;[Ljava/lang/Object;)Z @ 62
Event: 42.962 Thread 0x000000000285e000 Uncommon trap: reason=speculate_class_check action=maybe_recompile pc=0x0000000002ec92a0 method=com.android.dx.util.FixedSizeList.equals(Ljava/lang/Object;)Z @ 25
Event: 42.962 Thread 0x000000000285e000 Uncommon trap: reason=class_check action=maybe_recompile pc=0x0000000002e97bec method=java.util.Arrays.equals([Ljava/lang/Object;[Ljava/lang/Object;)Z @ 62
Event: 43.055 Thread 0x000000000285e000 Uncommon trap: reason=unreached action=reinterpret pc=0x00000000030d2e78 method=com.android.dx.dex.code.OutputFinisher.findOpcodeForInsn(Lcom/android/dx/dex/code/DalvInsn;Lcom/android/dx/dex/code/Dop;)Lcom/android/dx/dex/code/Dop; @ 1
Event: 43.832 Thread 0x000000000285e000 Uncommon trap: reason=predicate action=maybe_recompile pc=0x000000000349a7b0 method=java.util.ComparableTimSort.binarySort([Ljava/lang/Object;III)V @ 37
Event: 44.113 Thread 0x000000000285e000 Uncommon trap: reason=array_check action=maybe_recompile pc=0x00000000034a7758 method=java.util.ComparableTimSort.binarySort([Ljava/lang/Object;III)V @ 193
Event: 44.208 Thread 0x000000000285e000 Uncommon trap: reason=array_check action=maybe_recompile pc=0x00000000034a7758 method=java.util.ComparableTimSort.binarySort([Ljava/lang/Object;III)V @ 193
Event: 44.253 Thread 0x000000000285e000 Uncommon trap: reason=unreached action=reinterpret pc=0x0000000003465be8 method=com.android.dx.dex.code.LocalList$MakeState.aboutToProcess(II)V @ 86
Event: 44.381 Thread 0x000000000285e000 Uncommon trap: reason=array_check action=maybe_recompile pc=0x00000000034a7758 method=java.util.ComparableTimSort.binarySort([Ljava/lang/Object;III)V @ 193
Event: 44.382 Thread 0x000000000285e000 Uncommon trap: reason=array_check action=maybe_recompile pc=0x00000000034a7758 method=java.util.ComparableTimSort.binarySort([Ljava/lang/Object;III)V @ 193

Internal exceptions (10 events):
Event: 42.879 Thread 0x000000000285e000 Exception <a 'java/security/PrivilegedActionException'> (0x00000000ee40d1d8) thrown at [C:\workspace\8-2-build-windows-amd64-cygwin\jdk8u31\2394\hotspot\src\share\vm\prims\jvm.cpp, line 1312]
Event: 42.882 Thread 0x000000000285e000 Exception <a 'java/security/PrivilegedActionException'> (0x00000000ee412230) thrown at [C:\workspace\8-2-build-windows-amd64-cygwin\jdk8u31\2394\hotspot\src\share\vm\prims\jvm.cpp, line 1312]
Event: 42.885 Thread 0x000000000285e000 Exception <a 'java/security/PrivilegedActionException'> (0x00000000ee418630) thrown at [C:\workspace\8-2-build-windows-amd64-cygwin\jdk8u31\2394\hotspot\src\share\vm\prims\jvm.cpp, line 1312]
Event: 42.891 Thread 0x000000000285e000 Exception <a 'java/security/PrivilegedActionException'> (0x00000000ee41b3d0) thrown at [C:\workspace\8-2-build-windows-amd64-cygwin\jdk8u31\2394\hotspot\src\share\vm\prims\jvm.cpp, line 1312]
Event: 42.893 Thread 0x000000000285e000 Exception <a 'java/security/PrivilegedActionException'> (0x00000000ee420098) thrown at [C:\workspace\8-2-build-windows-amd64-cygwin\jdk8u31\2394\hotspot\src\share\vm\prims\jvm.cpp, line 1312]
Event: 42.896 Thread 0x000000000285e000 Exception <a 'java/security/PrivilegedActionException'> (0x00000000ee424608) thrown at [C:\workspace\8-2-build-windows-amd64-cygwin\jdk8u31\2394\hotspot\src\share\vm\prims\jvm.cpp, line 1312]
Event: 42.960 Thread 0x000000000285e000 Exception <a 'java/security/PrivilegedActionException'> (0x00000000ee44f150) thrown at [C:\workspace\8-2-build-windows-amd64-cygwin\jdk8u31\2394\hotspot\src\share\vm\prims\jvm.cpp, line 1312]
Event: 42.965 Thread 0x000000000285e000 Exception <a 'java/security/PrivilegedActionException'> (0x00000000ee452470) thrown at [C:\workspace\8-2-build-windows-amd64-cygwin\jdk8u31\2394\hotspot\src\share\vm\prims\jvm.cpp, line 1312]
Event: 42.967 Thread 0x000000000285e000 Exception <a 'java/security/PrivilegedActionException'> (0x00000000ee455490) thrown at [C:\workspace\8-2-build-windows-amd64-cygwin\jdk8u31\2394\hotspot\src\share\vm\prims\jvm.cpp, line 1312]
Event: 43.055 Thread 0x000000000285e000 Exception <a 'java/security/PrivilegedActionException'> (0x00000000ee4938e0) thrown at [C:\workspace\8-2-build-windows-amd64-cygwin\jdk8u31\2394\hotspot\src\share\vm\prims\jvm.cpp, line 1312]

Events (10 events):
Event: 44.208 Thread 0x000000000285e000 DEOPT UNPACKING pc=0x0000000002aa556a sp=0x000000000295ed18 mode 2
Event: 44.253 Thread 0x000000000285e000 Uncommon trap: trap_request=0xffffffad fr.pc=0x0000000003465be8
Event: 44.253 Thread 0x000000000285e000 DEOPT PACKING pc=0x0000000003465be8 sp=0x000000000295ee20
Event: 44.253 Thread 0x000000000285e000 DEOPT UNPACKING pc=0x0000000002aa556a sp=0x000000000295edd0 mode 2
Event: 44.381 Thread 0x000000000285e000 Uncommon trap: trap_request=0xffffffd6 fr.pc=0x00000000034a7758
Event: 44.381 Thread 0x000000000285e000 DEOPT PACKING pc=0x00000000034a7758 sp=0x000000000295ed90
Event: 44.381 Thread 0x000000000285e000 DEOPT UNPACKING pc=0x0000000002aa556a sp=0x000000000295ed38 mode 2
Event: 44.382 Thread 0x000000000285e000 Uncommon trap: trap_request=0xffffffd6 fr.pc=0x00000000034a7758
Event: 44.382 Thread 0x000000000285e000 DEOPT PACKING pc=0x00000000034a7758 sp=0x000000000295ed90
Event: 44.382 Thread 0x000000000285e000 DEOPT UNPACKING pc=0x0000000002aa556a sp=0x000000000295ed38 mode 2


Dynamic libraries:
0x00007ff6ac860000 - 0x00007ff6ac894000 	D:\Program Files (x86)\Java\jdk1.8.0_31\bin\java.exe
0x00007ffaa7110000 - 0x00007ffaa72bd000 	C:\Windows\SYSTEM32\ntdll.dll
0x00007ffaa6f70000 - 0x00007ffaa70ae000 	C:\Windows\system32\KERNEL32.DLL
0x00007ffaa4300000 - 0x00007ffaa4415000 	C:\Windows\system32\KERNELBASE.dll
0x00007ffaa2e00000 - 0x00007ffaa2e8e000 	C:\Windows\system32\apphelp.dll
0x00007ffa9ad30000 - 0x00007ffa9ad83000 	C:\Windows\AppPatch\AppPatch64\AcGenral.DLL
0x00007ffaa6ec0000 - 0x00007ffaa6f6a000 	C:\Windows\system32\msvcrt.dll
0x00007ffaa4600000 - 0x00007ffaa462e000 	C:\Windows\system32\SspiCli.dll
0x00007ffaa62f0000 - 0x00007ffaa6344000 	C:\Windows\system32\SHLWAPI.dll
0x00007ffaa6480000 - 0x00007ffaa65f7000 	C:\Windows\system32\USER32.dll
0x00007ffaa66c0000 - 0x00007ffaa6854000 	C:\Windows\system32\ole32.dll
0x00007ffaa4dc0000 - 0x00007ffaa62e8000 	C:\Windows\system32\SHELL32.dll
0x00007ffaa3800000 - 0x00007ffaa3821000 	C:\Windows\SYSTEM32\USERENV.dll
0x00007ffaa63d0000 - 0x00007ffaa647a000 	C:\Windows\system32\ADVAPI32.dll
0x00007ffa9af80000 - 0x00007ffa9af9e000 	C:\Windows\SYSTEM32\MPR.dll
0x00007ffaa69c0000 - 0x00007ffaa6b00000 	C:\Windows\system32\RPCRT4.dll
0x00007ffaa6370000 - 0x00007ffaa63c9000 	C:\Windows\SYSTEM32\sechost.dll
0x00007ffaa4790000 - 0x00007ffaa49a1000 	C:\Windows\SYSTEM32\combase.dll
0x00007ffaa4af0000 - 0x00007ffaa4c3f000 	C:\Windows\system32\GDI32.dll
0x00007ffaa4230000 - 0x00007ffaa4245000 	C:\Windows\SYSTEM32\profapi.dll
0x00007ffaa27d0000 - 0x00007ffaa2882000 	C:\Windows\SYSTEM32\SHCORE.dll
0x00007ffaa4d80000 - 0x00007ffaa4db6000 	C:\Windows\system32\IMM32.DLL
0x00007ffaa6860000 - 0x00007ffaa69b2000 	C:\Windows\system32\MSCTF.dll
0x00007ffaa2330000 - 0x00007ffaa25ab000 	C:\Windows\WinSxS\amd64_microsoft.windows.common-controls_6595b64144ccf1df_6.0.9600.18006_none_623f33d3ecbe86e8\COMCTL32.dll
0x0000000063b70000 - 0x0000000063c42000 	D:\Program Files (x86)\Java\jdk1.8.0_31\jre\bin\msvcr100.dll
0x0000000063310000 - 0x0000000063b6a000 	D:\Program Files (x86)\Java\jdk1.8.0_31\jre\bin\server\jvm.dll
0x00007ffaa15b0000 - 0x00007ffaa15b9000 	C:\Windows\SYSTEM32\WSOCK32.dll
0x00007ffaa1500000 - 0x00007ffaa1522000 	C:\Windows\SYSTEM32\WINMM.dll
0x00007ffaa6cd0000 - 0x00007ffaa6cd7000 	C:\Windows\system32\PSAPI.DLL
0x00007ffaa70b0000 - 0x00007ffaa710a000 	C:\Windows\system32\WS2_32.dll
0x00007ffaa1300000 - 0x00007ffaa132a000 	C:\Windows\SYSTEM32\WINMMBASE.dll
0x00007ffaa4a70000 - 0x00007ffaa4a79000 	C:\Windows\system32\NSI.dll
0x00007ffaa4630000 - 0x00007ffaa467f000 	C:\Windows\SYSTEM32\cfgmgr32.dll
0x00007ffaa3080000 - 0x00007ffaa30a8000 	C:\Windows\SYSTEM32\DEVOBJ.dll
0x0000000064b00000 - 0x0000000064b0f000 	D:\Program Files (x86)\Java\jdk1.8.0_31\jre\bin\verify.dll
0x0000000064ad0000 - 0x0000000064af8000 	D:\Program Files (x86)\Java\jdk1.8.0_31\jre\bin\java.dll
0x0000000064ab0000 - 0x0000000064ac6000 	D:\Program Files (x86)\Java\jdk1.8.0_31\jre\bin\zip.dll
0x00007ffa9afb0000 - 0x00007ffa9b139000 	C:\Windows\SYSTEM32\dbghelp.dll

VM Arguments:
jvm_args: -Djava.awt.headless=true -Xmx1024M -Dfile.encoding=GBK -Duser.country=CN -Duser.language=zh -Duser.variant 
java_command: com.android.dx.command.Main --dex --num-threads=4 --output D:\AndroidProject\AMap_Android_API_Location_Demo\android_studio\AMapLocationDemo\app\build\intermediates\pre-dexed\debug\android-support-v4_957e9a0a895edaa39a0daa6d90c22aee69a06613.jar D:\AndroidProject\AMap_Android_API_Location_Demo\android_studio\AMapLocationDemo\app\libs\android-support-v4.jar
java_class_path (initial): D:\Android\SDK\build-tools\23.0.1\lib\dx.jar
Launcher Type: SUN_STANDARD

Environment Variables:
JAVA_HOME=D:\Program Files (x86)\Java\jdk1.8.0_31
CLASSPATH=.;D:\Program Files (x86)\Java\jdk1.8.0_31\lib
PATH=C:\ProgramData\Oracle\Java\javapath;C:\Windows\system32;C:\Windows;C:\Windows\System32\Wbem;C:\Windows\System32\WindowsPowerShell\v1.0\;C:\Program Files\Microsoft SQL Server\110\Tools\Binn\;C:\Program Files\Intel\Intel(R) Management Engine Components\DAL;C:\Program Files (x86)\Intel\Intel(R) Management Engine Components\DAL;C:\Program Files\Intel\Intel(R) Management Engine Components\IPT;C:\Program Files (x86)\Intel\Intel(R) Management Engine Components\IPT;D:\MinGW\bin;C:\Program Files (x86)\MySQL\MySQL Server 5.6\bin;D:\Program Files (x86)\Anaconda;D:\Program Files (x86)\Anaconda\Scripts;D:\MySever\php7;C:\ProgramData\ComposerSetup\bin;D:\MySever\sqlite;C:\Program Files\Microsoft SQL Server\120\Tools\Binn\;C:\Program Files\Microsoft SQL Server\130\Tools\Binn\;D:\Program Files (x86)\Anaconda;D:\Program Files (x86)\Anaconda\Scripts;D:\Program Files (x86)\Anaconda\Library\bin;D:\Program Files (x86)\Java\jdk1.8.0_31\bin;D:\apache-maven-3.3.3\bin;C:\Program Files (x86)\MySQL\MySQL Server 5.6\bin;C:\Users\JiachenWang\AppData\Roaming\Composer\vendor\bin;D:\MySever\sqlite;
USERNAME=JiachenWang
OS=Windows_NT
PROCESSOR_IDENTIFIER=Intel64 Family 6 Model 60 Stepping 3, GenuineIntel



---------------  S Y S T E M  ---------------

OS: Windows 8.1 , 64 bit Build 9600 

CPU:total 8 (4 cores per cpu, 2 threads per core) family 6 model 60 stepping 3, cmov, cx8, fxsr, mmx, sse, sse2, sse3, ssse3, sse4.1, sse4.2, popcnt, avx, avx2, aes, clmul, erms, lzcnt, ht, tsc, tscinvbit, bmi1, bmi2

Memory: 4k page, physical 5968804k(638460k free), swap 9114532k(587344k free)

vm_info: Java HotSpot(TM) 64-Bit Server VM (25.31-b07) for windows-amd64 JRE (1.8.0_31-b13), built on Dec 17 2014 21:00:28 by "java_re" with MS VC++ 10.0 (VS2010)

time: Tue Jan 17 23:44:54 2017
elapsed time: 44 seconds (0d 0h 0m 44s)

